c:\gamedev\graphics\mazegame\gameengine\debug\vc120.pdb
c:\gamedev\graphics\mazegame\gameengine\debug\vc120.idb
c:\gamedev\graphics\mazegame\gameengine\debug\camera.obj
c:\gamedev\graphics\mazegame\gameengine\debug\clock.obj
c:\gamedev\graphics\mazegame\gameengine\debug\gameobject.obj
c:\gamedev\graphics\mazegame\gameengine\debug\gameengine.obj
c:\gamedev\graphics\mazegame\gameengine\debug\glslprogram.obj
c:\gamedev\graphics\mazegame\gameengine\debug\loader.obj
c:\gamedev\graphics\mazegame\gameengine\debug\logmanager.obj
c:\gamedev\graphics\mazegame\gameengine\debug\openglrenderer.obj
c:\gamedev\graphics\mazegame\gameengine\debug\picopng.obj
c:\gamedev\graphics\mazegame\gameengine\debug\scenegraph.obj
c:\gamedev\graphics\mazegame\gameengine\debug\timer.obj
c:\gamedev\graphics\mazegame\debug\gameengine.lib
c:\gamedev\graphics\mazegame\gameengine\debug\gameengine.tlog\cl.command.1.tlog
c:\gamedev\graphics\mazegame\gameengine\debug\gameengine.tlog\cl.read.1.tlog
c:\gamedev\graphics\mazegame\gameengine\debug\gameengine.tlog\cl.write.1.tlog
c:\gamedev\graphics\mazegame\gameengine\debug\gameengine.tlog\lib-link.read.1.tlog
c:\gamedev\graphics\mazegame\gameengine\debug\gameengine.tlog\lib-link.write.1.tlog
c:\gamedev\graphics\mazegame\gameengine\debug\gameengine.tlog\lib.command.1.tlog
