Build started 2015-12-14 16:18:52.
     1>Project "C:\GameDev\Graphics\MazeGame\MazeGame\MazeGame.vcxproj" on node 2 (Build target(s)).
     1>ClCompile:
         C:\Program Files (x86)\Microsoft Visual Studio 12.0\VC\bin\CL.exe /c /ZI /nologo /W3 /WX- /sdl /Od /Oy- /D WIN32 /D _DEBUG /D _CONSOLE /D _UNICODE /D UNICODE /Gm /EHsc /RTC1 /MDd /GS /fp:precise /Zc:wchar_t /Zc:forScope /Fo"Debug\\" /Fd"Debug\vc120.pdb" /Gd /TP /analyze- /errorReport:prompt MazeGameApp.cpp Player.cpp
         Player.cpp
         GLM: rotate function taking degrees as a parameter is deprecated. #define GLM_FORCE_RADIANS before including GLM headers to remove this message.
         MazeGameApp.cpp
         Generating Code...
       Link:
         C:\Program Files (x86)\Microsoft Visual Studio 12.0\VC\bin\link.exe /ERRORREPORT:PROMPT /OUT:"C:\GameDev\Graphics\MazeGame\Debug\MazeGame.exe" /INCREMENTAL /NOLOGO GameEngine.lib SDL2.lib SDL2main.lib glew32.lib OpenGL32.lib kernel32.lib user32.lib gdi32.lib winspool.lib comdlg32.lib advapi32.lib shell32.lib ole32.lib oleaut32.lib uuid.lib odbc32.lib odbccp32.lib /MANIFEST /MANIFESTUAC:"level='asInvoker' uiAccess='false'" /manifest:embed /DEBUG /PDB:"C:\GameDev\Graphics\MazeGame\Debug\MazeGame.pdb" /SUBSYSTEM:CONSOLE /TLBID:1 /DYNAMICBASE /NXCOMPAT /IMPLIB:"C:\GameDev\Graphics\MazeGame\Debug\MazeGame.lib" /MACHINE:X86 Debug\DemoApp3.obj
         Debug\Main.obj
         Debug\MazeGameApp.obj
         Debug\MazeGrid.obj
         Debug\MazeGridLocation.obj
         Debug\Player.obj
     1>MSVCRTD.lib(cinitexe.obj) : warning LNK4098: defaultlib 'msvcrt.lib' conflicts with use of other libs; use /NODEFAULTLIB:library
         MazeGame.vcxproj -> C:\GameDev\Graphics\MazeGame\Debug\MazeGame.exe
     1>Done Building Project "C:\GameDev\Graphics\MazeGame\MazeGame\MazeGame.vcxproj" (Build target(s)).

Build succeeded.

Time Elapsed 00:00:02.14
